2023-10-15 19:38:11,463 INFO supervisord started with pid 15
2023-10-15 19:38:12,467 INFO spawned: 'laravel-worker' with pid 16
2023-10-15 19:38:12,477 WARN exited: laravel-worker (exit status 127; not expected)
2023-10-15 19:38:13,482 INFO spawned: 'laravel-worker' with pid 17
2023-10-15 19:38:13,493 WARN exited: laravel-worker (exit status 127; not expected)
2023-10-15 19:38:15,499 INFO spawned: 'laravel-worker' with pid 18
2023-10-15 19:38:15,509 WARN exited: laravel-worker (exit status 127; not expected)
2023-10-15 19:38:18,517 INFO spawned: 'laravel-worker' with pid 19
2023-10-15 19:38:18,527 WARN exited: laravel-worker (exit status 127; not expected)
2023-10-15 19:38:19,528 INFO gave up: laravel-worker entered FATAL state, too many start retries too quickly
2023-10-15 19:42:05,764 WARN received SIGINT indicating exit request
2023-10-15 19:44:34,694 INFO supervisord started with pid 16
2023-10-15 19:44:35,699 INFO spawned: 'laravel-worker' with pid 17
2023-10-15 19:44:37,300 INFO success: laravel-worker entered RUNNING state, process has stayed up for > than 1 seconds (startsecs)
2023-10-15 19:45:35,361 WARN received SIGINT indicating exit request
2023-10-15 19:45:35,362 INFO waiting for laravel-worker to die
2023-10-15 19:45:36,368 INFO stopped: laravel-worker (exit status 0)
2023-10-15 19:45:38,968 INFO supervisord started with pid 22
2023-10-15 19:45:39,973 INFO spawned: 'laravel-worker' with pid 23
2023-10-15 19:45:40,975 INFO success: laravel-worker entered RUNNING state, process has stayed up for > than 1 seconds (startsecs)
2023-10-15 19:48:19,463 WARN received SIGINT indicating exit request
2023-10-15 19:48:19,463 INFO waiting for laravel-worker to die
2023-10-15 19:48:20,468 INFO stopped: laravel-worker (exit status 0)
